Build started 2020/1/8 15:20:14.
     1>Project "D:\mynteye\demo\demo\demo.vcxproj" on node 2 (Build target(s)).
     1>ClCompile:
         C:\Program Files (x86)\Microsoft Visual Studio 14.0\VC\bin\x86_amd64\CL.exe /c /Zi /nologo /W3 /WX- /sdl /O2 /Oi /GL /D _MBCS /Gm- /EHsc /MD /GS /Gy /fp:precise /Zc:wchar_t /Zc:forScope /Zc:inline /Fo"x64\Release\\" /Fd"x64\Release\vc140.pdb" /Gd /TP /errorReport:prompt /D_CRT_SECURE_NO_WARNINGS record.cc
         record.cc
     1>D:\mynteye\2.5.0\include\mynteye/miniglog.h(160): warning C4138: '*/' found outside of comment
     1>D:\mynteye\2.5.0\include\mynteye/miniglog.h(292): warning C4251: 'MessageLogger::file_': class 'std::basic_string<char,std::char_traits<char>,std::allocator<char>>' needs to have dll-interface to be used by clients of class 'MessageLogger'
     1>D:\mynteye\2.5.0\include\mynteye/miniglog.h(293): warning C4251: 'MessageLogger::filename_only_': class 'std::basic_string<char,std::char_traits<char>,std::allocator<char>>' needs to have dll-interface to be used by clients of class 'MessageLogger'
     1>D:\mynteye\2.5.0\include\mynteye/miniglog.h(295): warning C4251: 'MessageLogger::tag_': class 'std::basic_string<char,std::char_traits<char>,std::allocator<char>>' needs to have dll-interface to be used by clients of class 'MessageLogger'
     1>D:\mynteye\2.5.0\include\mynteye/miniglog.h(296): warning C4251: 'MessageLogger::stream_': class 'std::basic_stringstream<char,std::char_traits<char>,std::allocator<char>>' needs to have dll-interface to be used by clients of class 'MessageLogger'
     1>D:\mynteye\2.5.0\include\mynteye/types.h(762): warning C4251: 'mynteye::CameraROSMsgInfo::distortion_model': class 'std::basic_string<char,std::char_traits<char>,std::allocator<char>>' needs to have dll-interface to be used by clients of struct 'mynteye::CameraROSMsgInfo'
     1>D:\mynteye\2.5.0\include\mynteye/device/callbacks.h(105): warning C4251: 'mynteye::device::Frame::data_': class 'std::vector<uchar,std::allocator<_Ty>>' needs to have dll-interface to be used by clients of class 'mynteye::device::Frame'
                 with
                 [
                     _Ty=uchar
                 ]
     1>D:\mynteye\2.5.0\include\mynteye/device/callbacks.h(114): warning C4251: 'mynteye::device::StreamData::img': class 'std::shared_ptr<mynteye::ImgData>' needs to have dll-interface to be used by clients of struct 'mynteye::device::StreamData'
     1>D:\mynteye\2.5.0\include\mynteye/device/callbacks.h(116): warning C4251: 'mynteye::device::StreamData::frame': class 'std::shared_ptr<mynteye::device::Frame>' needs to have dll-interface to be used by clients of struct 'mynteye::device::StreamData'
     1>D:\mynteye\2.5.0\include\mynteye/device/callbacks.h(127): warning C4251: 'mynteye::device::MotionData::imu': class 'std::shared_ptr<mynteye::ImuData>' needs to have dll-interface to be used by clients of struct 'mynteye::device::MotionData'
     1>D:\mynteye\2.5.0\include\mynteye/device/types.h(142): warning C4251: 'mynteye::HardwareVersion::flag_': class 'std::bitset<0x08>' needs to have dll-interface to be used by clients of class 'mynteye::HardwareVersion'
     1>D:\mynteye\2.5.0\include\mynteye/device/types.h(171): warning C4251: 'mynteye::DeviceInfo::name': class 'std::basic_string<char,std::char_traits<char>,std::allocator<char>>' needs to have dll-interface to be used by clients of struct 'mynteye::DeviceInfo'
     1>D:\mynteye\2.5.0\include\mynteye/device/types.h(172): warning C4251: 'mynteye::DeviceInfo::serial_number': class 'std::basic_string<char,std::char_traits<char>,std::allocator<char>>' needs to have dll-interface to be used by clients of struct 'mynteye::DeviceInfo'
     1>D:\mynteye\2.5.0\include\mynteye/device/device.h(357): warning C4251: 'mynteye::Device::device_': class 'std::shared_ptr<mynteye::uvc::device>' needs to have dll-interface to be used by clients of class 'mynteye::Device'
     1>D:\mynteye\2.5.0\include\mynteye/device/device.h(358): warning C4251: 'mynteye::Device::device_info_': class 'std::shared_ptr<mynteye::DeviceInfo>' needs to have dll-interface to be used by clients of class 'mynteye::Device'
     1>D:\mynteye\2.5.0\include\mynteye/device/device.h(360): warning C4251: 'mynteye::Device::all_img_params_': class 'std::map<mynteye::Resolution,mynteye::Device::img_params_t,std::less<_Kty>,std::allocator<std::pair<const _Kty,_Ty>>>' needs to have dll-interface to be used by clients of class 'mynteye::Device'
                 with
                 [
                     _Kty=mynteye::Resolution,
                     _Ty=mynteye::Device::img_params_t
                 ]
     1>D:\mynteye\2.5.0\include\mynteye/device/device.h(363): warning C4251: 'mynteye::Device::stream_intrinsics_': class 'std::map<mynteye::Stream,std::shared_ptr<mynteye::IntrinsicsBase>,std::less<_Kty>,std::allocator<std::pair<const _Kty,_Ty>>>' needs to have dll-interface to be used by clients of class 'mynteye::Device'
                 with
                 [
                     _Kty=mynteye::Stream,
                     _Ty=std::shared_ptr<mynteye::IntrinsicsBase>
                 ]
     1>D:\mynteye\2.5.0\include\mynteye/device/device.h(364): warning C4251: 'mynteye::Device::stream_from_extrinsics_': class 'std::map<mynteye::Stream,std::map<mynteye::Stream,mynteye::Extrinsics,std::less<_Kty>,std::allocator<std::pair<const _Kty,_Ty>>>,std::less<_Kty>,std::allocator<std::pair<const _Kty,std::map<_Kty,_Ty,std::less<_Kty>,std::allocator<std::pair<const _Kty,_Ty>>>>>>' needs to have dll-interface to be used by clients of class 'mynteye::Device'
                 with
                 [
                     _Kty=mynteye::Stream,
                     _Ty=mynteye::Extrinsics
                 ]
     1>D:\mynteye\2.5.0\include\mynteye/device/device.h(366): warning C4251: 'mynteye::Device::motion_intrinsics_': class 'std::shared_ptr<mynteye::MotionIntrinsics>' needs to have dll-interface to be used by clients of class 'mynteye::Device'
     1>D:\mynteye\2.5.0\include\mynteye/device/device.h(367): warning C4251: 'mynteye::Device::motion_from_extrinsics_': class 'std::map<mynteye::Stream,mynteye::Extrinsics,std::less<_Kty>,std::allocator<std::pair<const _Kty,_Ty>>>' needs to have dll-interface to be used by clients of class 'mynteye::Device'
                 with
                 [
                     _Kty=mynteye::Stream,
                     _Ty=mynteye::Extrinsics
                 ]
     1>D:\mynteye\2.5.0\include\mynteye/device/device.h(369): warning C4251: 'mynteye::Device::stream_callbacks_': class 'std::map<mynteye::Stream,mynteye::Device::stream_callback_t,std::less<_Kty>,std::allocator<std::pair<const _Kty,_Ty>>>' needs to have dll-interface to be used by clients of class 'mynteye::Device'
                 with
                 [
                     _Kty=mynteye::Stream,
                     _Ty=mynteye::Device::stream_callback_t
                 ]
     1>D:\mynteye\2.5.0\include\mynteye/device/device.h(370): warning C4251: 'mynteye::Device::motion_callback_': class 'std::function<void (const mynteye::device::MotionData &)>' needs to have dll-interface to be used by clients of class 'mynteye::Device'
     1>D:\mynteye\2.5.0\include\mynteye/device/device.h(372): warning C4251: 'mynteye::Device::stream_async_callbacks_': class 'std::map<mynteye::Stream,mynteye::Device::stream_async_callback_ptr_t,std::less<_Kty>,std::allocator<std::pair<const _Kty,_Ty>>>' needs to have dll-interface to be used by clients of class 'mynteye::Device'
                 with
                 [
                     _Kty=mynteye::Stream,
                     _Ty=mynteye::Device::stream_async_callback_ptr_t
                 ]
     1>D:\mynteye\2.5.0\include\mynteye/device/device.h(373): warning C4251: 'mynteye::Device::motion_async_callback_': class 'std::shared_ptr<mynteye::Device::motion_async_callback_t>' needs to have dll-interface to be used by clients of class 'mynteye::Device'
     1>D:\mynteye\2.5.0\include\mynteye/device/device.h(375): warning C4251: 'mynteye::Device::streams_': class 'std::shared_ptr<mynteye::Streams>' needs to have dll-interface to be used by clients of class 'mynteye::Device'
     1>D:\mynteye\2.5.0\include\mynteye/device/device.h(377): warning C4251: 'mynteye::Device::stream_config_requests_': class 'std::map<mynteye::Capabilities,mynteye::StreamRequest,std::less<_Kty>,std::allocator<std::pair<const _Kty,_Ty>>>' needs to have dll-interface to be used by clients of class 'mynteye::Device'
                 with
                 [
                     _Kty=mynteye::Capabilities,
                     _Ty=mynteye::StreamRequest
                 ]
     1>D:\mynteye\2.5.0\include\mynteye/device/device.h(379): warning C4251: 'mynteye::Device::mtx_streams_': class 'std::mutex' needs to have dll-interface to be used by clients of class 'mynteye::Device'
         C:\Program Files (x86)\Microsoft Visual Studio 14.0\VC\include\mutex(76): note: see declaration of 'std::mutex'
     1>D:\mynteye\2.5.0\include\mynteye/device/device.h(381): warning C4251: 'mynteye::Device::channels_': class 'std::shared_ptr<mynteye::Channels>' needs to have dll-interface to be used by clients of class 'mynteye::Device'
     1>D:\mynteye\2.5.0\include\mynteye/device/device.h(383): warning C4251: 'mynteye::Device::motions_': class 'std::shared_ptr<mynteye::Motions>' needs to have dll-interface to be used by clients of class 'mynteye::Device'
     1>D:\mynteye\2.5.0\include\mynteye/api/api.h(51): warning C4251: 'mynteye::api::StreamData::img': class 'std::shared_ptr<mynteye::ImgData>' needs to have dll-interface to be used by clients of struct 'mynteye::api::StreamData'
     1>D:\mynteye\2.5.0\include\mynteye/api/api.h(53): warning C4251: 'mynteye::api::StreamData::frame': class 'cv::Mat' needs to have dll-interface to be used by clients of struct 'mynteye::api::StreamData'
         D:\opencv\build\include\opencv2/core/mat.hpp(780): note: see declaration of 'cv::Mat'
     1>D:\mynteye\2.5.0\include\mynteye/api/api.h(55): warning C4251: 'mynteye::api::StreamData::frame_raw': class 'std::shared_ptr<mynteye::device::Frame>' needs to have dll-interface to be used by clients of struct 'mynteye::api::StreamData'
     1>D:\mynteye\2.5.0\include\mynteye/api/api.h(74): warning C4251: 'mynteye::api::MotionData::imu': class 'std::shared_ptr<mynteye::ImuData>' needs to have dll-interface to be used by clients of struct 'mynteye::api::MotionData'
     1>D:\mynteye\2.5.0\include\mynteye/api/api.h(385): warning C4251: 'mynteye::API::device_': class 'std::shared_ptr<mynteye::Device>' needs to have dll-interface to be used by clients of class 'mynteye::API'
     1>D:\mynteye\2.5.0\include\mynteye/api/api.h(387): warning C4251: 'mynteye::API::synthetic_': class 'std::unique_ptr<mynteye::Synthetic,std::default_delete<_Ty>>' needs to have dll-interface to be used by clients of class 'mynteye::API'
                 with
                 [
                     _Ty=mynteye::Synthetic
                 ]
     1>D:\mynteye\2.5.0\include\mynteye/api/api.h(389): warning C4251: 'mynteye::API::correspondence_': class 'std::unique_ptr<mynteye::Correspondence,std::default_delete<_Ty>>' needs to have dll-interface to be used by clients of class 'mynteye::API'
                 with
                 [
                     _Ty=mynteye::Correspondence
                 ]
     1>D:\mynteye\2.5.0\include\mynteye/api/api.h(391): warning C4251: 'mynteye::API::callback_': class 'std::function<void (const mynteye::api::MotionData &)>' needs to have dll-interface to be used by clients of class 'mynteye::API'
       Link:
         C:\Program Files (x86)\Microsoft Visual Studio 14.0\VC\bin\x86_amd64\link.exe /ERRORREPORT:PROMPT /OUT:"D:\mynteye\demo\x64\Release\demo.exe" /NOLOGO opencv_world340.lib mynteye.lib kernel32.lib user32.lib gdi32.lib winspool.lib comdlg32.lib advapi32.lib shell32.lib ole32.lib oleaut32.lib uuid.lib odbc32.lib odbccp32.lib /MANIFEST /MANIFESTUAC:"level='asInvoker' uiAccess='false'" /manifest:embed /Debug /PDB:"D:\mynteye\demo\x64\Release\demo.pdb" /OPT:REF /OPT:ICF /LTCG:incremental /TLBID:1 /DYNAMICBASE /NXCOMPAT /IMPLIB:"D:\mynteye\demo\x64\Release\demo.lib" /MACHINE:X64 x64\Release\dataset.obj
         x64\Release\record.obj
         Generating code
         1 of 189 functions ( 0.5%) were compiled, the rest were copied from previous compilation.
           0 functions were new in current compilation
           0 functions had inline decision re-evaluated but remain unchanged
         Finished generating code
         demo.vcxproj -> D:\mynteye\demo\x64\Release\demo.exe
     1>Done Building Project "D:\mynteye\demo\demo\demo.vcxproj" (Build target(s)).

Build succeeded.

Time Elapsed 00:00:07.05
